{"/Users/mac/neocentra-bank/neocentra-bank-dashboard/src/__mocks__/shared_remote/Skeleton.tsx": {"path":"/Users/mac/neocentra-bank/neocentra-bank-dashboard/src/__mocks__/shared_remote/Skeleton.tsx","statementMap":{"0":{"start":{"line":2,"column":13},"end":{"line":3,"column":null}},"1":{"start":{"line":3,"column":2},"end":{"line":3,"column":null}}},"fnMap":{"0":{"name":"(anonymous_0)","decl":{"start":{"line":2,"column":13},"end":{"line":2,"column":25}},"loc":{"start":{"line":3,"column":2},"end":{"line":3,"column":null}},"line":3}},"branchMap":{},"s":{"0":1,"1":43},"f":{"0":43},"b":{},"meta":{"lastBranch":0,"lastFunction":1,"lastStatement":2,"seen":{"s:2:13:3:Infinity":0,"f:2:13:2:25":0,"s:3:2:3:Infinity":1},"fnNames":{}}}
,"/Users/mac/neocentra-bank/neocentra-bank-dashboard/src/components/loaders/DashboardSkeleton.tsx": {"path":"/Users/mac/neocentra-bank/neocentra-bank-dashboard/src/components/loaders/DashboardSkeleton.tsx","statementMap":{"0":{"start":{"line":5,"column":2},"end":{"line":83,"column":null}},"1":{"start":{"line":19,"column":10},"end":{"line":28,"column":null}},"2":{"start":{"line":46,"column":14},"end":{"line":49,"column":null}},"3":{"start":{"line":66,"column":14},"end":{"line":78,"column":null}}},"fnMap":{"0":{"name":"DashboardSkeleton","decl":{"start":{"line":4,"column":24},"end":{"line":4,"column":44}},"loc":{"start":{"line":4,"column":44},"end":{"line":85,"column":null}},"line":4},"1":{"name":"(anonymous_1)","decl":{"start":{"line":18,"column":23},"end":{"line":18,"column":28}},"loc":{"start":{"line":19,"column":10},"end":{"line":28,"column":null}},"line":19},"2":{"name":"(anonymous_2)","decl":{"start":{"line":45,"column":27},"end":{"line":45,"column":32}},"loc":{"start":{"line":46,"column":14},"end":{"line":49,"column":null}},"line":46},"3":{"name":"(anonymous_3)","decl":{"start":{"line":65,"column":27},"end":{"line":65,"column":32}},"loc":{"start":{"line":66,"column":14},"end":{"line":78,"column":null}},"line":66}},"branchMap":{},"s":{"0":1,"1":4,"2":3,"3":4},"f":{"0":1,"1":4,"2":3,"3":4},"b":{},"meta":{"lastBranch":0,"lastFunction":4,"lastStatement":4,"seen":{"f:4:24:4:44":0,"s:5:2:83:Infinity":0,"f:18:23:18:28":1,"s:19:10:28:Infinity":1,"f:45:27:45:32":2,"s:46:14:49:Infinity":2,"f:65:27:65:32":3,"s:66:14:78:Infinity":3},"fnNames":{}}}
}
